getting token...
getting token...
getting token...
getting token...
getting token...
getting token...
getting token...
getting token...
getting token...
getting token...
getting token...
getting token...
started autoLiker
------------------------
Majo
------------------------
Luce
------------------------
Vicky
------------------------
Ruth
------------------------
Marzia
------------------------
Pepa
------------------------
Geni
------------------------
Oceane
------------------------
Masiel
------------------------
Traceback (most recent call last):
  File "tinderQuiz.py", line 42, in <module>
    autoLiker.autoLike(session)
  File "/home/tinderquiz/autoLiker.py", line 13, in autoLike
    print(i.name)
UnicodeEncodeError: 'ascii' codec can't encode character u'\xf3' in position 1: ordinal not in range(128)
